<?xml version="1.0" encoding="UTF-8"?>
<!-- Generated by org.testng.reporters.JUnitReportReporter -->
<testsuite hostname="DESKTOP-OO2JSP3" failures="0" tests="5" name="com.automation.sundaylabs.SundayLab.EndtoEndTest" time="18.031" errors="0" timestamp="2023-05-08T17:18:58 IST" skipped="0">
  <testcase classname="com.automation.sundaylabs.SundayLab.EndtoEndTest" name="Login" time="1.463"/>
  <system-out/>
  <testcase classname="com.automation.sundaylabs.SundayLab.EndtoEndTest" name="ProfilePage" time="12.214"/>
  <system-out/>
  <testcase classname="com.automation.sundaylabs.SundayLab.EndtoEndTest" name="verifyUserType" time="4.112"/>
  <system-out/>
  <testcase classname="com.automation.sundaylabs.SundayLab.EndtoEndTest" name="verifyPan" time="0.158"/>
  <system-out/>
  <testcase classname="com.automation.sundaylabs.SundayLab.EndtoEndTest" name="verifyAdhar" time="0.084"/>
  <system-out/>
</testsuite> <!-- com.automation.sundaylabs.SundayLab.EndtoEndTest -->
