<?xml version="1.0" encoding="UTF-8"?>
<!-- Generated by org.testng.reporters.JUnitReportReporter -->
<testsuite hostname="DESKTOP-OO2JSP3" failures="0" tests="5" name="com.automation.sundaylabs.SundayLab.EndtoEndTest" time="18.912" errors="0" timestamp="2023-04-20T10:54:12 GMT-04:00" skipped="0">
  <testcase classname="com.automation.sundaylabs.SundayLab.EndtoEndTest" name="Login" time="1.521"/>
  <system-out/>
  <testcase classname="com.automation.sundaylabs.SundayLab.EndtoEndTest" name="ProfilePage" time="13.099"/>
  <system-out/>
  <testcase classname="com.automation.sundaylabs.SundayLab.EndtoEndTest" name="verifyUserType" time="4.151"/>
  <system-out/>
  <testcase classname="com.automation.sundaylabs.SundayLab.EndtoEndTest" name="verifyPan" time="0.095"/>
  <system-out/>
  <testcase classname="com.automation.sundaylabs.SundayLab.EndtoEndTest" name="verifyAdhar" time="0.046"/>
  <system-out/>
</testsuite> <!-- com.automation.sundaylabs.SundayLab.EndtoEndTest -->
