<?xml version="1.0" encoding="UTF-8"?>
<!-- Generated by org.testng.reporters.JUnitReportReporter -->
<testsuite hostname="DESKTOP-OO2JSP3" failures="0" tests="2" name="com.automation.sundaylabs.SundayLab.EndtoEndTest" time="13.552" errors="0" timestamp="2023-04-20T06:49:58 GMT-04:00" skipped="0">
  <testcase classname="com.automation.sundaylabs.SundayLab.EndtoEndTest" name="ProfilePage" time="12.221"/>
  <system-out/>
  <testcase classname="com.automation.sundaylabs.SundayLab.EndtoEndTest" name="Login" time="1.331"/>
  <system-out/>
</testsuite> <!-- com.automation.sundaylabs.SundayLab.EndtoEndTest -->
