<?xml version="1.0" encoding="UTF-8"?>
<!-- Generated by org.testng.reporters.JUnitReportReporter -->
<testsuite hostname="DESKTOP-OO2JSP3" failures="0" tests="4" name="com.automation.automation.SeleniumWebdriver.StreamMapEx" time="0.019" errors="0" timestamp="2023-06-04T20:20:29 IST" skipped="0">
  <testcase classname="com.automation.automation.SeleniumWebdriver.StreamMapEx" name="StreamMapExample" time="0.010"/>
  <system-out/>
  <testcase classname="com.automation.automation.SeleniumWebdriver.StreamMapEx" name="SortedMapEx" time="0.002"/>
  <system-out/>
  <testcase classname="com.automation.automation.SeleniumWebdriver.StreamMapEx" name="streamCollectEx" time="0.002"/>
  <system-out/>
  <testcase classname="com.automation.automation.SeleniumWebdriver.StreamMapEx" name="streamDistinctNumber" time="0.005"/>
  <system-out/>
</testsuite> <!-- com.automation.automation.SeleniumWebdriver.StreamMapEx -->
