<?xml version="1.0" encoding="UTF-8"?>
<!-- Generated by org.testng.reporters.JUnitReportReporter -->
<testsuite hostname="DESKTOP-OO2JSP3" failures="0" tests="1" name="com.automation.automation.SeleniumWebdriver.WebtableSorted" time="0.730" errors="0" timestamp="2023-06-04T20:23:29 IST" skipped="0">
  <testcase classname="com.automation.automation.SeleniumWebdriver.WebtableSorted" name="sortTable" time="0.730"/>
  <system-out/>
</testsuite> <!-- com.automation.automation.SeleniumWebdriver.WebtableSorted -->
