<?xml version="1.0" encoding="UTF-8"?>
<!-- Generated by org.testng.reporters.JUnitReportReporter -->
<testsuite hostname="DESKTOP-OO2JSP3" failures="0" tests="5" name="com.automation.sundaylabs.SundayLab.EndtoEndTest" time="18.273" errors="0" timestamp="2023-04-20T10:17:19 GMT-04:00" skipped="0">
  <testcase classname="com.automation.sundaylabs.SundayLab.EndtoEndTest" name="Login" time="1.675"/>
  <system-out/>
  <testcase classname="com.automation.sundaylabs.SundayLab.EndtoEndTest" name="ProfilePage" time="12.261"/>
  <system-out/>
  <testcase classname="com.automation.sundaylabs.SundayLab.EndtoEndTest" name="verifyUserType" time="4.148"/>
  <system-out/>
  <testcase classname="com.automation.sundaylabs.SundayLab.EndtoEndTest" name="verifyPan" time="0.187"/>
  <system-out/>
  <testcase classname="com.automation.sundaylabs.SundayLab.EndtoEndTest" name="verifyAdhar" time="0.002"/>
  <system-out/>
</testsuite> <!-- com.automation.sundaylabs.SundayLab.EndtoEndTest -->
