<?xml version="1.0" encoding="UTF-8"?>
<!-- Generated by org.testng.reporters.JUnitReportReporter -->
<testsuite hostname="DESKTOP-OO2JSP3" failures="0" tests="1" name="com.automation.sundaylabs.SundayLab.Signup" time="2.499" errors="0" timestamp="2023-04-20T02:17:23 GMT-04:00" skipped="0">
  <testcase classname="com.automation.sundaylabs.SundayLab.Signup" name="initialize" time="2.499"/>
  <system-out/>
</testsuite> <!-- com.automation.sundaylabs.SundayLab.Signup -->
