<?xml version="1.0" encoding="UTF-8"?>
<!-- Generated by org.testng.reporters.JUnitReportReporter -->
<testsuite hostname="DESKTOP-OO2JSP3" failures="0" tests="1" name="com.automation.sundaylabs.SundayLab.EndtoEndTest" time="7.782" errors="0" timestamp="2023-04-20T05:32:40 GMT-04:00" skipped="0">
  <testcase classname="com.automation.sundaylabs.SundayLab.EndtoEndTest" name="signup" time="7.782"/>
  <system-out/>
</testsuite> <!-- com.automation.sundaylabs.SundayLab.EndtoEndTest -->
